/bin/bash: line 1: ./finetune_vqnsp.sh: Permission denied

------------------------------------------------------------
Sender: LSF System <lsfadmin@hpc.dtu.dk>
Subject: Job 24396915: <NONAME> in cluster <dcc> Exited

Job <NONAME> was submitted from host <n-62-12-19> by user <s224183> in cluster <dcc> at Tue Mar 11 21:08:00 2025
Job was executed on host(s) <n-62-31-22>, in queue <hpc>, as user <s224183> in cluster <dcc> at Tue Mar 11 21:08:00 2025
</zhome/ce/8/186807> was used as the home directory.
</zhome/ce/8/186807/Desktop/Labram/LaBraM-MMDTU> was used as the working directory.
Started at Tue Mar 11 21:08:00 2025
Terminated at Tue Mar 11 21:08:06 2025
Results reported at Tue Mar 11 21:08:06 2025

Your job looked like:

------------------------------------------------------------
# LSBATCH: User input
finetune_vqnsp.sh
------------------------------------------------------------

Exited with exit code 126.

Resource usage summary:

    CPU time :                                   2.27 sec.
    Max Memory :                                 -
    Average Memory :                             -
    Total Requested Memory :                     1024.00 MB
    Delta Memory :                               -
    Max Swap :                                   -
    Max Processes :                              -
    Max Threads :                                -
    Run time :                                   35 sec.
    Turnaround time :                            6 sec.

The output (if any) is above this job summary.

